0 info it worked if it ends with ok
1 verbose cli [ '/usr/local/bin/node', '/usr/local/bin/npm', 'run', 'gulp' ]
2 info using npm@3.8.6
3 info using node@v5.10.1
4 verbose run-script [ 'pregulp', 'gulp', 'postgulp' ]
5 info lifecycle fitness-zone@1.0.0~pregulp: fitness-zone@1.0.0
6 silly lifecycle fitness-zone@1.0.0~pregulp: no script for pregulp, continuing
7 info lifecycle fitness-zone@1.0.0~gulp: fitness-zone@1.0.0
8 verbose lifecycle fitness-zone@1.0.0~gulp: unsafe-perm in lifecycle true
9 verbose lifecycle fitness-zone@1.0.0~gulp: PATH: /usr/local/lib/node_modules/npm/bin/node-gyp-bin:/home/blr/kaverma/Videos/ng-2/Fitness-zone/node_modules/.bin:/usr/local/bin:/usr/local/lib/node_modules/npm/bin/node-gyp-bin:/home/blr/kaverma/Videos/ng-2/Fitness-zone/node_modules/.bin:/usr/local/bin:/opt/grails-3.0.10/bin:/usr/lib64/qt-3.3/bin:/usr/local/bin:/usr/local/sbin:/usr/bin:/usr/sbin:/bin:/sbin:/home/blr/kaverma/gobaba/bin:/opt/node-v0.12.1-linux-x64/bin:/opt/node-v0.12.1-linux-x64/bin
10 verbose lifecycle fitness-zone@1.0.0~gulp: CWD: /home/blr/kaverma/Videos/ng-2/Fitness-zone
11 silly lifecycle fitness-zone@1.0.0~gulp: Args: [ '-c', 'gulp' ]
12 silly lifecycle fitness-zone@1.0.0~gulp: Returned: code: 1  signal: null
13 info lifecycle fitness-zone@1.0.0~gulp: Failed to exec gulp script
14 verbose stack Error: fitness-zone@1.0.0 gulp: `gulp`
14 verbose stack Exit status 1
14 verbose stack     at EventEmitter.<anonymous> (/usr/local/lib/node_modules/npm/lib/utils/lifecycle.js:239:16)
14 verbose stack     at emitTwo (events.js:100:13)
14 verbose stack     at EventEmitter.emit (events.js:185:7)
14 verbose stack     at ChildProcess.<anonymous> (/usr/local/lib/node_modules/npm/lib/utils/spawn.js:24:14)
14 verbose stack     at emitTwo (events.js:100:13)
14 verbose stack     at ChildProcess.emit (events.js:185:7)
14 verbose stack     at maybeClose (internal/child_process.js:850:16)
14 verbose stack     at Process.ChildProcess._handle.onexit (internal/child_process.js:215:5)
15 verbose pkgid fitness-zone@1.0.0
16 verbose cwd /home/blr/kaverma/Videos/ng-2/Fitness-zone
17 error Linux 3.19.5-200.fc21.x86_64
18 error argv "/usr/local/bin/node" "/usr/local/bin/npm" "run" "gulp"
19 error node v5.10.1
20 error npm  v3.8.6
21 error code ELIFECYCLE
22 error fitness-zone@1.0.0 gulp: `gulp`
22 error Exit status 1
23 error Failed at the fitness-zone@1.0.0 gulp script 'gulp'.
23 error Make sure you have the latest version of node.js and npm installed.
23 error If you do, this is most likely a problem with the fitness-zone package,
23 error not with npm itself.
23 error Tell the author that this fails on your system:
23 error     gulp
23 error You can get information on how to open an issue for this project with:
23 error     npm bugs fitness-zone
23 error Or if that isn't available, you can get their info via:
23 error     npm owner ls fitness-zone
23 error There is likely additional logging output above.
24 verbose exit [ 1, true ]
